  glad.c
  cube.cpp
  frustum.cpp
  glslprogram.cpp
  glutils.cpp
  grid.cpp
C:\Uni stuff\Year 3\Comp 3006\Coursework\CW2\3015-CW2\Code\helper\grid.cpp(9,26): warning C4101: 'z': unreferenced local variable
  objmesh.cpp
C:\Uni stuff\Year 3\Comp 3006\Coursework\CW2\3015-CW2\Code\helper\grid.cpp(9,13): warning C4101: 'x': unreferenced local variable
C:\Uni stuff\Year 3\Comp 3006\Coursework\CW2\3015-CW2\Code\helper\objmesh.cpp(188,41): warning C4267: '+=': conversion from 'size_t' to 'int', possible loss of data
C:\Uni stuff\Year 3\Comp 3006\Coursework\CW2\3015-CW2\Code\helper\objmesh.cpp(194,48): warning C4267: '+=': conversion from 'size_t' to 'int', possible loss of data
C:\Uni stuff\Year 3\Comp 3006\Coursework\CW2\3015-CW2\Code\helper\objmesh.cpp(198,43): warning C4267: '+=': conversion from 'size_t' to 'int', possible loss of data
  plane.cpp
  skybox.cpp
  sphere.cpp
  stb_image.cpp
  teapot.cpp
  texture.cpp
  torus.cpp
  trianglemesh.cpp
  main.cpp
  scenebasic_uniform.cpp
  Generating Code...
LINK : warning LNK4098: defaultlib 'MSVCRT' conflicts with use of other libs; use /NODEFAULTLIB:library
  Project_Template.vcxproj -> C:\Uni stuff\Year 3\Comp 3006\Coursework\CW2\3015-CW2\Code\x64\Debug\Project_Template.exe
